<?xml version="1.0" encoding="UTF-8"?>
<testng-results ignored="0" total="1" passed="1" failed="0" skipped="0">
  <reporter-output>
  </reporter-output>
  <suite started-at="2026-09-17T20:43:11 IST" name="Default suite" finished-at="2026-09-17T20:43:19 IST" duration-ms="8288">
    <groups>
    </groups>
    <test started-at="2026-09-17T20:43:11 IST" name="Default test" finished-at="2026-09-17T20:43:19 IST" duration-ms="8288">
      <class name="day16.masterfile">
        <test-method is-config="true" signature="Open_Browser()[pri:0, instance:day16.masterfile@43bc63a3]" started-at="2026-09-17T20:43:11 IST" name="Open_Browser" finished-at="2026-09-17T20:43:16 IST" duration-ms="5666" status="PASS">
          <reporter-output>
          </reporter-output>
        </test-method> <!-- Open_Browser -->
        <test-method signature="Enter_Data()[pri:0, instance:day16.masterfile@43bc63a3]" started-at="2026-09-17T20:43:16 IST" name="Enter_Data" finished-at="2026-09-17T20:43:18 IST" duration-ms="2080" status="PASS">
          <reporter-output>
          </reporter-output>
        </test-method> <!-- Enter_Data -->
        <test-method is-config="true" signature="Closepage()[pri:0, instance:day16.masterfile@43bc63a3]" started-at="2026-09-17T20:43:18 IST" name="Closepage" finished-at="2026-09-17T20:43:19 IST" duration-ms="496" status="PASS">
          <reporter-output>
          </reporter-output>
        </test-method> <!-- Closepage -->
      </class> <!-- day16.masterfile -->
    </test> <!-- Default test -->
  </suite> <!-- Default suite -->
</testng-results>
